Started GET "/" for ::1 at 2024-10-11 18:52:10 -0300
Processing by Rails::WelcomeController#index as HTML
  Rendering /home/patric/.asdf/installs/ruby/2.7.8/lib/ruby/gems/2.7.0/gems/railties-5.2.8.1/lib/rails/templates/rails/welcome/index.html.erb
  Rendered /home/patric/.asdf/installs/ruby/2.7.8/lib/ruby/gems/2.7.0/gems/railties-5.2.8.1/lib/rails/templates/rails/welcome/index.html.erb (2.1ms)
Completed 200 OK in 10ms (Views: 5.9ms | ActiveRecord: 0.0ms)


  [1m[35m (0.1ms)[0m  [1m[34mSELECT sqlite_version(*)[0m
  ↳ bin/rails:9
  [1m[35m (5.7ms)[0m  [1m[35mCREATE TABLE "schema_migrations" ("version" varchar NOT NULL PRIMARY KEY)[0m
  ↳ bin/rails:9
  [1m[35m (5.8ms)[0m  [1m[35mCREATE TABLE "ar_internal_metadata" ("key" varchar NOT NULL PRIMARY KEY, "value" varchar, "created_at" datetime NOT NULL, "updated_at" datetime NOT NULL)[0m
  ↳ bin/rails:9
  [1m[35m (0.1ms)[0m  [1m[34mSELECT "schema_migrations"."version" FROM "schema_migrations" ORDER BY "schema_migrations"."version" ASC[0m
  ↳ bin/rails:9
Migrating to CreateCoins (20241012235940)
  [1m[35m (0.0ms)[0m  [1m[36mbegin transaction[0m
  ↳ bin/rails:9
  [1m[35m (0.2ms)[0m  [1m[35mCREATE TABLE "coins" ("id" integer PRIMARY KEY AUTOINCREMENT NOT NULL, "description" varchar, "acronym" varchar, "url_image" varchar, "created_at" datetime NOT NULL, "updated_at" datetime NOT NULL)[0m
  ↳ db/migrate/20241012235940_create_coins.rb:3
  [1m[36mActiveRecord::SchemaMigration Create (0.1ms)[0m  [1m[32mINSERT INTO "schema_migrations" ("version") VALUES (?)[0m  [["version", "20241012235940"]]
  ↳ bin/rails:9
  [1m[35m (5.9ms)[0m  [1m[36mcommit transaction[0m
  ↳ bin/rails:9
  [1m[36mActiveRecord::InternalMetadata Load (0.1ms)[0m  [1m[34mSELECT  "ar_internal_metadata".* FROM "ar_internal_metadata" WHERE "ar_internal_metadata"."key" = ? LIMIT ?[0m  [["key", "environment"], ["LIMIT", 1]]
  ↳ bin/rails:9
  [1m[35m (0.0ms)[0m  [1m[36mbegin transaction[0m
  ↳ bin/rails:9
  [1m[36mActiveRecord::InternalMetadata Create (0.1ms)[0m  [1m[32mINSERT INTO "ar_internal_metadata" ("key", "value", "created_at", "updated_at") VALUES (?, ?, ?, ?)[0m  [["key", "environment"], ["value", "development"], ["created_at", "2024-10-14 21:47:37.110558"], ["updated_at", "2024-10-14 21:47:37.110558"]]
  ↳ bin/rails:9
  [1m[35m (4.2ms)[0m  [1m[36mcommit transaction[0m
  ↳ bin/rails:9
  [1m[35m (0.0ms)[0m  [1m[34mSELECT "schema_migrations"."version" FROM "schema_migrations" ORDER BY "schema_migrations"."version" ASC[0m
  ↳ bin/rails:9
Started GET "/" for 127.0.0.1 at 2024-10-14 18:49:19 -0300
  [1m[35m (0.1ms)[0m  [1m[34mSELECT "schema_migrations"."version" FROM "schema_migrations" ORDER BY "schema_migrations"."version" ASC[0m
  ↳ /home/patric/.asdf/installs/ruby/2.7.8/lib/ruby/gems/2.7.0/gems/activerecord-5.2.8.1/lib/active_record/log_subscriber.rb:98
Processing by Rails::WelcomeController#index as HTML
  Rendering /home/patric/.asdf/installs/ruby/2.7.8/lib/ruby/gems/2.7.0/gems/railties-5.2.8.1/lib/rails/templates/rails/welcome/index.html.erb
  Rendered /home/patric/.asdf/installs/ruby/2.7.8/lib/ruby/gems/2.7.0/gems/railties-5.2.8.1/lib/rails/templates/rails/welcome/index.html.erb (1.5ms)
Completed 200 OK in 7ms (Views: 2.8ms | ActiveRecord: 0.0ms)


Started GET "/coins" for 127.0.0.1 at 2024-10-14 18:50:31 -0300
Processing by CoinsController#index as HTML
  Rendering coins/index.html.erb within layouts/application
  [1m[36mCoin Load (0.1ms)[0m  [1m[34mSELECT "coins".* FROM "coins"[0m
  ↳ app/views/coins/index.html.erb:16
  Rendered coins/index.html.erb within layouts/application (1.3ms)
Completed 200 OK in 459ms (Views: 456.9ms | ActiveRecord: 0.2ms)


Started GET "/coins/new" for 127.0.0.1 at 2024-10-14 18:50:44 -0300
Processing by CoinsController#new as HTML
  Rendering coins/new.html.erb within layouts/application
  Rendered coins/_form.html.erb (15.4ms)
  Rendered coins/new.html.erb within layouts/application (16.1ms)
Completed 200 OK in 28ms (Views: 23.6ms | ActiveRecord: 0.2ms)


Started POST "/coins" for 127.0.0.1 at 2024-10-14 18:50:51 -0300
Processing by CoinsController#create as HTML
  Parameters: {"utf8"=>"✓", "authenticity_token"=>"KCotq/DuhW0VIz/DvDmEtGqKXEt7AjFMNp5dwWx/Epm+dk2sMSzLElSB0t0oaSkFLPFh0PEhRINQjtOeL7bGAA==", "coin"=>{"description"=>"Bitcoin", "acronym"=>" BTC", "url_image"=>""}, "commit"=>"Create Coin"}
  [1m[35m (0.0ms)[0m  [1m[36mbegin transaction[0m
  ↳ app/controllers/coins_controller.rb:27
  [1m[36mCoin Create (0.2ms)[0m  [1m[32mINSERT INTO "coins" ("description", "acronym", "url_image", "created_at", "updated_at") VALUES (?, ?, ?, ?, ?)[0m  [["description", "Bitcoin"], ["acronym", " BTC"], ["url_image", ""], ["created_at", "2024-10-14 21:50:51.009263"], ["updated_at", "2024-10-14 21:50:51.009263"]]
  ↳ app/controllers/coins_controller.rb:27
  [1m[35m (4.3ms)[0m  [1m[36mcommit transaction[0m
  ↳ app/controllers/coins_controller.rb:27
Redirected to http://127.0.0.1:3000/coins/1
Completed 302 Found in 8ms (ActiveRecord: 4.5ms)


Started GET "/coins/1" for 127.0.0.1 at 2024-10-14 18:50:51 -0300
Processing by CoinsController#show as HTML
  Parameters: {"id"=>"1"}
  [1m[36mCoin Load (0.1ms)[0m  [1m[34mSELECT  "coins".* FROM "coins" WHERE "coins"."id" = ? LIMIT ?[0m  [["id", 1], ["LIMIT", 1]]
  ↳ app/controllers/coins_controller.rb:63
  Rendering coins/show.html.erb within layouts/application
  Rendered coins/show.html.erb within layouts/application (0.6ms)
Completed 200 OK in 14ms (Views: 11.3ms | ActiveRecord: 0.1ms)


Started GET "/coins" for 127.0.0.1 at 2024-10-14 18:50:53 -0300
Processing by CoinsController#index as HTML
  Rendering coins/index.html.erb within layouts/application
  [1m[36mCoin Load (0.1ms)[0m  [1m[34mSELECT "coins".* FROM "coins"[0m
  ↳ app/views/coins/index.html.erb:16
  Rendered coins/index.html.erb within layouts/application (1.0ms)
Completed 200 OK in 11ms (Views: 9.9ms | ActiveRecord: 0.1ms)


Started GET "/" for ::1 at 2024-10-16 15:12:02 -0300
  [1m[35m (0.1ms)[0m  [1m[34mSELECT "schema_migrations"."version" FROM "schema_migrations" ORDER BY "schema_migrations"."version" ASC[0m
  ↳ /home/patric/.asdf/installs/ruby/2.7.8/lib/ruby/gems/2.7.0/gems/activerecord-5.2.8.1/lib/active_record/log_subscriber.rb:98
Processing by Rails::WelcomeController#index as HTML
  Rendering /home/patric/.asdf/installs/ruby/2.7.8/lib/ruby/gems/2.7.0/gems/railties-5.2.8.1/lib/rails/templates/rails/welcome/index.html.erb
  Rendered /home/patric/.asdf/installs/ruby/2.7.8/lib/ruby/gems/2.7.0/gems/railties-5.2.8.1/lib/rails/templates/rails/welcome/index.html.erb (1.4ms)
Completed 200 OK in 7ms (Views: 2.6ms | ActiveRecord: 0.0ms)


Started GET "/coins" for ::1 at 2024-10-16 15:12:06 -0300
Processing by CoinsController#index as HTML
  Rendering coins/index.html.erb within layouts/application
  [1m[36mCoin Load (0.2ms)[0m  [1m[34mSELECT "coins".* FROM "coins"[0m
  ↳ app/views/coins/index.html.erb:16
  Rendered coins/index.html.erb within layouts/application (6.4ms)
Completed 200 OK in 163ms (Views: 160.0ms | ActiveRecord: 0.7ms)


Started GET "/welcome/index" for ::1 at 2024-10-16 15:12:14 -0300
Processing by WelcomeController#index as HTML
  Rendering welcome/index.html.erb within layouts/application
  Rendered welcome/index.html.erb within layouts/application (0.2ms)
Completed 200 OK in 16ms (Views: 15.4ms | ActiveRecord: 0.0ms)


Started GET "/welcome/index" for ::1 at 2024-10-16 15:29:07 -0300
  [1m[35m (0.1ms)[0m  [1m[34mSELECT "schema_migrations"."version" FROM "schema_migrations" ORDER BY "schema_migrations"."version" ASC[0m
  ↳ /home/patric/.asdf/installs/ruby/2.7.8/lib/ruby/gems/2.7.0/gems/activerecord-5.2.8.1/lib/active_record/log_subscriber.rb:98
Processing by WelcomeController#index as HTML
  Rendering welcome/index.html.erb within layouts/application
  Rendered welcome/index.html.erb within layouts/application (0.4ms)
Completed 200 OK in 119ms (Views: 115.6ms | ActiveRecord: 0.0ms)


Started GET "/welcome/index" for ::1 at 2024-10-16 16:45:28 -0300
  [1m[35m (0.1ms)[0m  [1m[34mSELECT "schema_migrations"."version" FROM "schema_migrations" ORDER BY "schema_migrations"."version" ASC[0m
  ↳ /home/patric/.asdf/installs/ruby/2.7.8/lib/ruby/gems/2.7.0/gems/activerecord-5.2.8.1/lib/active_record/log_subscriber.rb:98
Processing by WelcomeController#index as HTML
  Rendering welcome/index.html.erb within layouts/application
  Rendered welcome/index.html.erb within layouts/application (0.5ms)
Completed 200 OK in 109ms (Views: 106.5ms | ActiveRecord: 0.0ms)


Started GET "/coins" for ::1 at 2024-10-16 16:45:30 -0300
Processing by CoinsController#index as HTML
  Rendering coins/index.html.erb within layouts/application
  [1m[36mCoin Load (0.1ms)[0m  [1m[34mSELECT "coins".* FROM "coins"[0m
  ↳ app/views/coins/index.html.erb:16
  Rendered coins/index.html.erb within layouts/application (4.7ms)
Completed 200 OK in 15ms (Views: 13.4ms | ActiveRecord: 0.3ms)


Started GET "/rails/info/routes" for ::1 at 2024-10-16 16:46:58 -0300
Processing by Rails::InfoController#routes as HTML
  Rendering /home/patric/.asdf/installs/ruby/2.7.8/lib/ruby/gems/2.7.0/gems/railties-5.2.8.1/lib/rails/templates/rails/info/routes.html.erb within layouts/application
  Rendered collection of /home/patric/.asdf/installs/ruby/2.7.8/lib/ruby/gems/2.7.0/gems/actionpack-5.2.8.1/lib/action_dispatch/middleware/templates/routes/_route.html.erb [14 times] (3.7ms)
  Rendered /home/patric/.asdf/installs/ruby/2.7.8/lib/ruby/gems/2.7.0/gems/actionpack-5.2.8.1/lib/action_dispatch/middleware/templates/routes/_table.html.erb (4.0ms)
  Rendered /home/patric/.asdf/installs/ruby/2.7.8/lib/ruby/gems/2.7.0/gems/railties-5.2.8.1/lib/rails/templates/rails/info/routes.html.erb within layouts/application (10.7ms)
Completed 200 OK in 16ms (Views: 12.8ms | ActiveRecord: 0.0ms)


Started GET "/welcome/index" for ::1 at 2024-10-16 16:48:49 -0300
Processing by WelcomeController#index as HTML
  Rendering welcome/index.html.erb within layouts/application
  Rendered welcome/index.html.erb within layouts/application (0.4ms)
Completed 200 OK in 12ms (Views: 11.2ms | ActiveRecord: 0.0ms)


Started GET "/welcome/index" for ::1 at 2024-10-16 16:48:50 -0300
Processing by WelcomeController#index as HTML
  Rendering welcome/index.html.erb within layouts/application
  Rendered welcome/index.html.erb within layouts/application (2.6ms)
Completed 200 OK in 14ms (Views: 13.5ms | ActiveRecord: 0.0ms)


Started GET "/coins" for ::1 at 2024-10-16 16:48:53 -0300
Processing by CoinsController#index as HTML
  Rendering coins/index.html.erb within layouts/application
  [1m[36mCoin Load (0.1ms)[0m  [1m[34mSELECT "coins".* FROM "coins"[0m
  ↳ app/views/coins/index.html.erb:16
  Rendered coins/index.html.erb within layouts/application (1.0ms)
Completed 200 OK in 11ms (Views: 10.4ms | ActiveRecord: 0.1ms)


Started GET "/coins" for ::1 at 2024-10-16 17:45:57 -0300
Processing by CoinsController#index as HTML
  Rendering coins/index.html.erb within layouts/application
  [1m[36mCoin Load (0.1ms)[0m  [1m[34mSELECT "coins".* FROM "coins"[0m
  ↳ app/views/coins/index.html.erb:16
  Rendered coins/index.html.erb within layouts/application (1.1ms)
Completed 200 OK in 12ms (Views: 11.1ms | ActiveRecord: 0.1ms)


Started GET "/coins/1/edit" for ::1 at 2024-10-16 17:45:58 -0300
Processing by CoinsController#edit as HTML
  Parameters: {"id"=>"1"}
  [1m[36mCoin Load (0.1ms)[0m  [1m[34mSELECT  "coins".* FROM "coins" WHERE "coins"."id" = ? LIMIT ?[0m  [["id", 1], ["LIMIT", 1]]
  ↳ app/controllers/coins_controller.rb:63
  Rendering coins/edit.html.erb within layouts/application
  Rendered coins/_form.html.erb (2.9ms)
  Rendered coins/edit.html.erb within layouts/application (3.7ms)
Completed 200 OK in 22ms (Views: 16.8ms | ActiveRecord: 0.1ms)


Started PATCH "/coins/1" for ::1 at 2024-10-16 17:46:04 -0300
Processing by CoinsController#update as HTML
  Parameters: {"utf8"=>"✓", "authenticity_token"=>"5cBbnvIQ+ZjPvkDM0llHWkb35tsPBirkWEWgMA0fT7x962zVFXmgq3W9/WuuNLOTizN/5NnvAZpRrlew2vqqOQ==", "coin"=>{"description"=>"Bitcoin", "acronym"=>" BTC", "url_image"=>"https://cdn.pixabay.com/photo/2017/03/12/02/57/bitcoin-2136339_640.png"}, "commit"=>"Update Coin", "id"=>"1"}
  [1m[36mCoin Load (0.1ms)[0m  [1m[34mSELECT  "coins".* FROM "coins" WHERE "coins"."id" = ? LIMIT ?[0m  [["id", 1], ["LIMIT", 1]]
  ↳ app/controllers/coins_controller.rb:63
  [1m[35m (0.0ms)[0m  [1m[36mbegin transaction[0m
  ↳ app/controllers/coins_controller.rb:40
  [1m[36mCoin Update (0.2ms)[0m  [1m[33mUPDATE "coins" SET "url_image" = ?, "updated_at" = ? WHERE "coins"."id" = ?[0m  [["url_image", "https://cdn.pixabay.com/photo/2017/03/12/02/57/bitcoin-2136339_640.png"], ["updated_at", "2024-10-16 20:46:04.091077"], ["id", 1]]
  ↳ app/controllers/coins_controller.rb:40
  [1m[35m (5.4ms)[0m  [1m[36mcommit transaction[0m
  ↳ app/controllers/coins_controller.rb:40
Redirected to http://localhost:3000/coins/1
Completed 302 Found in 9ms (ActiveRecord: 5.7ms)


Started GET "/coins/1" for ::1 at 2024-10-16 17:46:04 -0300
Processing by CoinsController#show as HTML
  Parameters: {"id"=>"1"}
  [1m[36mCoin Load (0.1ms)[0m  [1m[34mSELECT  "coins".* FROM "coins" WHERE "coins"."id" = ? LIMIT ?[0m  [["id", 1], ["LIMIT", 1]]
  ↳ app/controllers/coins_controller.rb:63
  Rendering coins/show.html.erb within layouts/application
  Rendered coins/show.html.erb within layouts/application (0.5ms)
Completed 200 OK in 11ms (Views: 9.8ms | ActiveRecord: 0.1ms)


Started GET "/coins" for ::1 at 2024-10-16 18:06:56 -0300
Processing by CoinsController#index as HTML
  Rendering coins/index.html.erb within layouts/application
  [1m[36mCoin Load (0.1ms)[0m  [1m[34mSELECT "coins".* FROM "coins"[0m
  ↳ app/views/coins/index.html.erb:16
  Rendered coins/index.html.erb within layouts/application (1.1ms)
Completed 200 OK in 11ms (Views: 10.5ms | ActiveRecord: 0.1ms)


Started GET "/coins" for ::1 at 2024-10-16 18:07:47 -0300
Processing by CoinsController#index as HTML
  Rendering coins/index.html.erb within layouts/application
  [1m[36mCoin Load (0.1ms)[0m  [1m[34mSELECT "coins".* FROM "coins"[0m
  ↳ app/views/coins/index.html.erb:16
  Rendered coins/index.html.erb within layouts/application (1.7ms)
Completed 200 OK in 15ms (Views: 14.3ms | ActiveRecord: 0.1ms)


Started GET "/coins" for ::1 at 2024-10-16 18:08:29 -0300
Processing by CoinsController#index as HTML
  Rendering coins/index.html.erb within layouts/application
  [1m[36mCoin Load (0.1ms)[0m  [1m[34mSELECT "coins".* FROM "coins"[0m
  ↳ app/views/coins/index.html.erb:16
  Rendered coins/index.html.erb within layouts/application (2.0ms)
Completed 200 OK in 17ms (Views: 15.5ms | ActiveRecord: 0.1ms)


Started GET "/coins" for ::1 at 2024-10-16 18:10:25 -0300
Processing by CoinsController#index as HTML
  Rendering coins/index.html.erb within layouts/application
  [1m[36mCoin Load (0.1ms)[0m  [1m[34mSELECT "coins".* FROM "coins"[0m
  ↳ app/views/coins/index.html.erb:16
  Rendered coins/index.html.erb within layouts/application (2.0ms)
Completed 200 OK in 22ms (Views: 20.3ms | ActiveRecord: 0.1ms)


Started GET "/coins" for ::1 at 2024-10-16 18:59:58 -0300
Processing by CoinsController#index as HTML
  Rendering coins/index.html.erb within layouts/application
  [1m[36mCoin Load (0.1ms)[0m  [1m[34mSELECT "coins".* FROM "coins"[0m
  ↳ app/views/coins/index.html.erb:16
  Rendered coins/index.html.erb within layouts/application (1.6ms)
Completed 200 OK in 25ms (Views: 24.9ms | ActiveRecord: 0.1ms)


Started GET "/coins" for ::1 at 2024-10-16 19:00:01 -0300
Processing by CoinsController#index as HTML
  Rendering coins/index.html.erb within layouts/application
  [1m[36mCoin Load (0.1ms)[0m  [1m[34mSELECT "coins".* FROM "coins"[0m
  ↳ app/views/coins/index.html.erb:16
  Rendered coins/index.html.erb within layouts/application (1.5ms)
Completed 200 OK in 13ms (Views: 12.2ms | ActiveRecord: 0.1ms)


Started GET "/coins" for ::1 at 2024-10-16 19:00:02 -0300
Processing by CoinsController#index as HTML
  Rendering coins/index.html.erb within layouts/application
  [1m[36mCoin Load (0.1ms)[0m  [1m[34mSELECT "coins".* FROM "coins"[0m
  ↳ app/views/coins/index.html.erb:16
  Rendered coins/index.html.erb within layouts/application (1.1ms)
Completed 200 OK in 10ms (Views: 9.9ms | ActiveRecord: 0.1ms)


Started GET "/coins" for ::1 at 2024-10-16 19:00:08 -0300
Processing by CoinsController#index as HTML
  Rendering coins/index.html.erb within layouts/application
  [1m[36mCoin Load (0.1ms)[0m  [1m[34mSELECT "coins".* FROM "coins"[0m
  ↳ app/views/coins/index.html.erb:16
  Rendered coins/index.html.erb within layouts/application (1.2ms)
Completed 200 OK in 12ms (Views: 11.0ms | ActiveRecord: 0.1ms)


Started GET "/coins" for ::1 at 2024-10-16 19:00:18 -0300
Processing by CoinsController#index as HTML
  Rendering coins/index.html.erb within layouts/application
  [1m[36mCoin Load (0.1ms)[0m  [1m[34mSELECT "coins".* FROM "coins"[0m
  ↳ app/views/coins/index.html.erb:16
  Rendered coins/index.html.erb within layouts/application (1.1ms)
Completed 200 OK in 10ms (Views: 9.9ms | ActiveRecord: 0.1ms)


Started GET "/coins" for ::1 at 2024-10-16 19:00:26 -0300
Processing by CoinsController#index as HTML
  Rendering coins/index.html.erb within layouts/application
  [1m[36mCoin Load (0.1ms)[0m  [1m[34mSELECT "coins".* FROM "coins"[0m
  ↳ app/views/coins/index.html.erb:16
  Rendered coins/index.html.erb within layouts/application (1.1ms)
Completed 200 OK in 10ms (Views: 9.9ms | ActiveRecord: 0.1ms)


Started GET "/coins/1" for ::1 at 2024-10-16 19:00:31 -0300
Processing by CoinsController#show as HTML
  Parameters: {"id"=>"1"}
  [1m[36mCoin Load (0.1ms)[0m  [1m[34mSELECT  "coins".* FROM "coins" WHERE "coins"."id" = ? LIMIT ?[0m  [["id", 1], ["LIMIT", 1]]
  ↳ app/controllers/coins_controller.rb:63
  Rendering coins/show.html.erb within layouts/application
  Rendered coins/show.html.erb within layouts/application (0.5ms)
Completed 200 OK in 12ms (Views: 11.4ms | ActiveRecord: 0.1ms)


Started GET "/coins" for ::1 at 2024-10-16 19:00:33 -0300
Processing by CoinsController#index as HTML
  Rendering coins/index.html.erb within layouts/application
  [1m[36mCoin Load (0.1ms)[0m  [1m[34mSELECT "coins".* FROM "coins"[0m
  ↳ app/views/coins/index.html.erb:16
  Rendered coins/index.html.erb within layouts/application (1.3ms)
Completed 200 OK in 11ms (Views: 10.9ms | ActiveRecord: 0.1ms)


Started GET "/coins/1/edit" for ::1 at 2024-10-16 19:01:57 -0300
Processing by CoinsController#edit as HTML
  Parameters: {"id"=>"1"}
  [1m[36mCoin Load (0.1ms)[0m  [1m[34mSELECT  "coins".* FROM "coins" WHERE "coins"."id" = ? LIMIT ?[0m  [["id", 1], ["LIMIT", 1]]
  ↳ app/controllers/coins_controller.rb:63
  Rendering coins/edit.html.erb within layouts/application
  Rendered coins/_form.html.erb (1.3ms)
  Rendered coins/edit.html.erb within layouts/application (2.0ms)
Completed 200 OK in 12ms (Views: 11.0ms | ActiveRecord: 0.1ms)


Started GET "/coins" for ::1 at 2024-10-16 19:01:59 -0300
Processing by CoinsController#index as HTML
  Rendering coins/index.html.erb within layouts/application
  [1m[36mCoin Load (0.1ms)[0m  [1m[34mSELECT "coins".* FROM "coins"[0m
  ↳ app/views/coins/index.html.erb:16
  Rendered coins/index.html.erb within layouts/application (1.1ms)
Completed 200 OK in 11ms (Views: 10.9ms | ActiveRecord: 0.1ms)


Started GET "/coins/1/edit" for ::1 at 2024-10-16 19:05:59 -0300
Processing by CoinsController#edit as HTML
  Parameters: {"id"=>"1"}
  [1m[36mCoin Load (0.1ms)[0m  [1m[34mSELECT  "coins".* FROM "coins" WHERE "coins"."id" = ? LIMIT ?[0m  [["id", 1], ["LIMIT", 1]]
  ↳ app/controllers/coins_controller.rb:63
  Rendering coins/edit.html.erb within layouts/application
  Rendered coins/_form.html.erb (0.5ms)
  Rendered coins/edit.html.erb within layouts/application (1.2ms)
Completed 500 Internal Server Error in 3ms (ActiveRecord: 0.1ms)


  
SyntaxError (/home/patric/cryptowallet/app/views/coins/_form.html.erb:26: syntax error, unexpected local variable or method, expecting ')'
..._tag coin.url_image, size:25x25 );@output_buffer.safe_append...
...                            ^~~
):
  
app/views/coins/_form.html.erb:26: syntax error, unexpected local variable or method, expecting ')'
app/views/coins/edit.html.erb:3:in `_app_views_coins_edit_html_erb__2867491369945362870_15580'
Started GET "/coins" for ::1 at 2024-10-16 19:06:01 -0300
Processing by CoinsController#index as HTML
  Rendering coins/index.html.erb within layouts/application
  [1m[36mCoin Load (0.1ms)[0m  [1m[34mSELECT "coins".* FROM "coins"[0m
  ↳ app/views/coins/index.html.erb:16
  Rendered coins/index.html.erb within layouts/application (1.4ms)
Completed 200 OK in 13ms (Views: 12.1ms | ActiveRecord: 0.1ms)


Started GET "/coins/1" for ::1 at 2024-10-16 19:06:18 -0300
Processing by CoinsController#show as HTML
  Parameters: {"id"=>"1"}
  [1m[36mCoin Load (0.1ms)[0m  [1m[34mSELECT  "coins".* FROM "coins" WHERE "coins"."id" = ? LIMIT ?[0m  [["id", 1], ["LIMIT", 1]]
  ↳ app/controllers/coins_controller.rb:63
  Rendering coins/show.html.erb within layouts/application
  Rendered coins/show.html.erb within layouts/application (0.4ms)
Completed 200 OK in 11ms (Views: 10.0ms | ActiveRecord: 0.1ms)


Started GET "/coins/1/edit" for ::1 at 2024-10-16 19:06:24 -0300
Processing by CoinsController#edit as HTML
  Parameters: {"id"=>"1"}
  [1m[36mCoin Load (0.1ms)[0m  [1m[34mSELECT  "coins".* FROM "coins" WHERE "coins"."id" = ? LIMIT ?[0m  [["id", 1], ["LIMIT", 1]]
  ↳ app/controllers/coins_controller.rb:63
  Rendering coins/edit.html.erb within layouts/application
  Rendered coins/_form.html.erb (1.9ms)
  Rendered coins/edit.html.erb within layouts/application (2.7ms)
Completed 200 OK in 14ms (Views: 13.1ms | ActiveRecord: 0.1ms)


Started GET "/" for 127.0.0.1 at 2024-10-17 11:03:14 -0300
  [1m[35m (0.1ms)[0m  [1m[34mSELECT "schema_migrations"."version" FROM "schema_migrations" ORDER BY "schema_migrations"."version" ASC[0m
  ↳ /home/patric/.asdf/installs/ruby/2.7.8/lib/ruby/gems/2.7.0/gems/activerecord-5.2.8.1/lib/active_record/log_subscriber.rb:98
Processing by Rails::WelcomeController#index as HTML
  Rendering /home/patric/.asdf/installs/ruby/2.7.8/lib/ruby/gems/2.7.0/gems/railties-5.2.8.1/lib/rails/templates/rails/welcome/index.html.erb
  Rendered /home/patric/.asdf/installs/ruby/2.7.8/lib/ruby/gems/2.7.0/gems/railties-5.2.8.1/lib/rails/templates/rails/welcome/index.html.erb (1.8ms)
Completed 200 OK in 10ms (Views: 4.5ms | ActiveRecord: 0.0ms)


Started GET "/welcome/index" for 127.0.0.1 at 2024-10-17 11:03:54 -0300
Processing by WelcomeController#index as HTML
  Rendering welcome/index.html.erb within layouts/application
  Rendered welcome/index.html.erb within layouts/application (1.4ms)
Completed 200 OK in 176ms (Views: 174.4ms | ActiveRecord: 0.0ms)


Started GET "/welcome/index" for 127.0.0.1 at 2024-10-17 11:04:16 -0300
Processing by WelcomeController#index as HTML
  Rendering welcome/index.html.erb within layouts/application
  Rendered welcome/index.html.erb within layouts/application (1.9ms)
Completed 200 OK in 39ms (Views: 37.1ms | ActiveRecord: 0.0ms)


Started GET "/welcome/index" for 127.0.0.1 at 2024-10-17 11:04:31 -0300
Processing by WelcomeController#index as HTML
  Rendering welcome/index.html.erb within layouts/application
  Rendered welcome/index.html.erb within layouts/application (1.4ms)
Completed 200 OK in 52ms (Views: 50.1ms | ActiveRecord: 0.0ms)


Started GET "/welcome/index" for 127.0.0.1 at 2024-10-17 11:10:21 -0300
Processing by WelcomeController#index as HTML
  Rendering welcome/index.html.erb within layouts/application
  Rendered welcome/index.html.erb within layouts/application (1.1ms)
Completed 200 OK in 23ms (Views: 21.3ms | ActiveRecord: 0.0ms)


Started GET "/welcome/index" for 127.0.0.1 at 2024-10-17 11:10:23 -0300
Processing by WelcomeController#index as HTML
  Rendering welcome/index.html.erb within layouts/application
  Rendered welcome/index.html.erb within layouts/application (1.4ms)
Completed 200 OK in 34ms (Views: 31.8ms | ActiveRecord: 0.0ms)


Started GET "/welcome/index" for 127.0.0.1 at 2024-10-17 11:10:37 -0300
Processing by WelcomeController#index as HTML
  Rendering welcome/index.html.erb within layouts/application
  Rendered welcome/index.html.erb within layouts/application (2.0ms)
Completed 200 OK in 31ms (Views: 29.5ms | ActiveRecord: 0.0ms)


Started GET "/" for 127.0.0.1 at 2024-10-17 12:41:10 -0300
  [1m[35m (0.1ms)[0m  [1m[34mSELECT "schema_migrations"."version" FROM "schema_migrations" ORDER BY "schema_migrations"."version" ASC[0m
  ↳ /home/patric/.asdf/installs/ruby/2.7.8/lib/ruby/gems/2.7.0/gems/activerecord-5.2.8.1/lib/active_record/log_subscriber.rb:98
Processing by WelcomeController#index as HTML
  Rendering welcome/index.html.erb within layouts/application
  Rendered welcome/index.html.erb within layouts/application (1.1ms)
Completed 200 OK in 164ms (Views: 160.6ms | ActiveRecord: 0.0ms)


Started GET "/" for ::1 at 2024-10-17 15:15:15 -0300
Processing by WelcomeController#index as HTML
  Rendering welcome/index.html.erb within layouts/application
  Rendered welcome/index.html.erb within layouts/application (0.5ms)
Completed 200 OK in 22ms (Views: 21.0ms | ActiveRecord: 0.0ms)


Started GET "/inicio" for ::1 at 2024-10-17 15:15:24 -0300
Processing by WelcomeController#index as HTML
  Rendering welcome/index.html.erb within layouts/application
  Rendered welcome/index.html.erb within layouts/application (0.5ms)
Completed 200 OK in 14ms (Views: 13.7ms | ActiveRecord: 0.0ms)


  [1m[36mCoin Load (0.9ms)[0m  [1m[34mSELECT  "coins".* FROM "coins" LIMIT ?[0m  [["LIMIT", 11]]
  [1m[36mCoin Load (1.1ms)[0m  [1m[34mSELECT  "coins".* FROM "coins" ORDER BY "coins"."id" ASC LIMIT ?[0m  [["LIMIT", 1]]
  [1m[36mCoin Load (1.3ms)[0m  [1m[34mSELECT "coins".* FROM "coins"[0m
  [1m[35m (0.1ms)[0m  [1m[36mbegin transaction[0m
  [1m[36mCoin Create (2.7ms)[0m  [1m[32mINSERT INTO "coins" ("description", "acronym", "url_image", "created_at", "updated_at") VALUES (?, ?, ?, ?, ?)[0m  [["description", "Ethereum"], ["acronym", "ETH"], ["url_image", "https://upload.wikimedia.org/wikipedia/commons/0/01/Ethereum_logo_translucent.svg"], ["created_at", "2024-10-18 00:04:27.334318"], ["updated_at", "2024-10-18 00:04:27.334318"]]
  [1m[35m (11.7ms)[0m  [1m[36mcommit transaction[0m
  [1m[36mCoin Load (0.2ms)[0m  [1m[34mSELECT "coins".* FROM "coins"[0m
Started GET "/inicio" for ::1 at 2024-10-17 21:04:40 -0300
Processing by WelcomeController#index as HTML
  Rendering welcome/index.html.erb within layouts/application
  Rendered welcome/index.html.erb within layouts/application (1.5ms)
Completed 200 OK in 70ms (Views: 66.1ms | ActiveRecord: 0.0ms)


Started GET "/coins" for ::1 at 2024-10-17 21:04:41 -0300
Processing by CoinsController#index as HTML
  Rendering coins/index.html.erb within layouts/application
  [1m[36mCoin Load (0.1ms)[0m  [1m[34mSELECT "coins".* FROM "coins"[0m
  ↳ app/views/coins/index.html.erb:16
  Rendered coins/index.html.erb within layouts/application (10.6ms)
Completed 200 OK in 23ms (Views: 20.4ms | ActiveRecord: 0.5ms)


Started GET "/coins/2" for ::1 at 2024-10-17 21:04:46 -0300
Processing by CoinsController#show as HTML
  Parameters: {"id"=>"2"}
  [1m[36mCoin Load (0.5ms)[0m  [1m[34mSELECT  "coins".* FROM "coins" WHERE "coins"."id" = ? LIMIT ?[0m  [["id", 2], ["LIMIT", 1]]
  ↳ app/controllers/coins_controller.rb:63
  Rendering coins/show.html.erb within layouts/application
  Rendered coins/show.html.erb within layouts/application (2.0ms)
Completed 200 OK in 60ms (Views: 49.3ms | ActiveRecord: 0.5ms)


Started GET "/coins" for ::1 at 2024-10-17 21:04:48 -0300
Processing by CoinsController#index as HTML
  Rendering coins/index.html.erb within layouts/application
  [1m[36mCoin Load (0.3ms)[0m  [1m[34mSELECT "coins".* FROM "coins"[0m
  ↳ app/views/coins/index.html.erb:16
  Rendered coins/index.html.erb within layouts/application (5.6ms)
Completed 200 OK in 58ms (Views: 55.9ms | ActiveRecord: 0.3ms)


Started GET "/" for ::1 at 2024-10-18 17:29:35 -0300
  [1m[35m (0.1ms)[0m  [1m[34mSELECT "schema_migrations"."version" FROM "schema_migrations" ORDER BY "schema_migrations"."version" ASC[0m
  ↳ /home/papauluk/.asdf/installs/ruby/2.7.8/lib/ruby/gems/2.7.0/gems/activerecord-5.2.8.1/lib/active_record/log_subscriber.rb:98
Processing by WelcomeController#index as HTML
  Rendering welcome/index.html.erb within layouts/application
  Rendered welcome/index.html.erb within layouts/application (1.4ms)
Completed 200 OK in 224ms (Views: 219.8ms | ActiveRecord: 0.0ms)


Started GET "/coins" for ::1 at 2024-10-18 20:01:25 -0300
Processing by CoinsController#index as HTML
  Rendering coins/index.html.erb within layouts/application
  [1m[36mCoin Load (0.1ms)[0m  [1m[34mSELECT "coins".* FROM "coins"[0m
  ↳ app/views/coins/index.html.erb:16
  Rendered coins/index.html.erb within layouts/application (24.3ms)
Completed 200 OK in 47ms (Views: 43.0ms | ActiveRecord: 0.8ms)


Started GET "/coins" for ::1 at 2024-10-18 20:01:28 -0300
Processing by CoinsController#index as HTML
  Rendering coins/index.html.erb within layouts/application
  [1m[36mCoin Load (0.3ms)[0m  [1m[34mSELECT "coins".* FROM "coins"[0m
  ↳ app/views/coins/index.html.erb:16
  Rendered coins/index.html.erb within layouts/application (5.9ms)
Completed 200 OK in 36ms (Views: 33.0ms | ActiveRecord: 0.3ms)


Started GET "/" for ::1 at 2024-10-18 20:08:56 -0300
Processing by WelcomeController#index as HTML
  Rendering welcome/index.html.erb within layouts/application
  Rendered welcome/index.html.erb within layouts/application (1.1ms)
Completed 200 OK in 39ms (Views: 38.0ms | ActiveRecord: 0.0ms)


Started GET "/" for ::1 at 2024-10-18 20:09:35 -0300
Processing by WelcomeController#index as HTML
  Rendering welcome/index.html.erb within layouts/application
  Rendered welcome/index.html.erb within layouts/application (0.7ms)
Completed 200 OK in 16ms (Views: 15.5ms | ActiveRecord: 0.0ms)


Started GET "/" for ::1 at 2024-10-18 20:12:52 -0300
Processing by WelcomeController#index as HTML
  Rendering welcome/index.html.erb within layouts/application
  Rendered welcome/index.html.erb within layouts/application (0.4ms)
Completed 200 OK in 14ms (Views: 12.9ms | ActiveRecord: 0.0ms)


Started GET "/" for ::1 at 2024-10-18 20:36:39 -0300
Processing by WelcomeController#index as HTML
  Rendering welcome/index.html.erb within layouts/application
  Rendered welcome/index.html.erb within layouts/application (0.6ms)
Completed 200 OK in 15ms (Views: 14.5ms | ActiveRecord: 0.0ms)


Started GET "/" for ::1 at 2024-10-18 20:37:01 -0300
Processing by WelcomeController#index as HTML
  Rendering welcome/index.html.erb within layouts/application
  Rendered welcome/index.html.erb within layouts/application (0.5ms)
Completed 200 OK in 11ms (Views: 10.5ms | ActiveRecord: 0.0ms)


Started GET "/" for ::1 at 2024-10-18 21:44:20 -0300
Processing by WelcomeController#index as HTML
  Rendering welcome/index.html.erb within layouts/application
  Rendered welcome/index.html.erb within layouts/application (0.7ms)
Completed 200 OK in 16ms (Views: 14.6ms | ActiveRecord: 0.0ms)


Started GET "/?parametro=Ol%C3%A1%20mundo!" for ::1 at 2024-10-18 21:44:29 -0300
Processing by WelcomeController#index as HTML
  Parameters: {"parametro"=>"Olá mundo!"}
  Rendering welcome/index.html.erb within layouts/application
  Rendered welcome/index.html.erb within layouts/application (0.8ms)
Completed 200 OK in 20ms (Views: 18.9ms | ActiveRecord: 0.0ms)


Started GET "/?parametro=Oi%20pessoal" for ::1 at 2024-10-18 21:44:43 -0300
Processing by WelcomeController#index as HTML
  Parameters: {"parametro"=>"Oi pessoal"}
  Rendering welcome/index.html.erb within layouts/application
  Rendered welcome/index.html.erb within layouts/application (0.6ms)
Completed 200 OK in 19ms (Views: 18.3ms | ActiveRecord: 0.0ms)


Started GET "/?parametro=Oi%20pessoal" for ::1 at 2024-10-18 21:57:24 -0300
Processing by WelcomeController#index as HTML
  Parameters: {"parametro"=>"Oi pessoal"}
  Rendering welcome/index.html.erb within layouts/application
  Rendered welcome/_menu.html.erb (0.3ms)
  Rendered welcome/index.html.erb within layouts/application (0.9ms)
Completed 200 OK in 14ms (Views: 13.7ms | ActiveRecord: 0.0ms)


Started GET "/?parametro=Oi%20pessoal" for ::1 at 2024-10-18 21:57:24 -0300
Processing by WelcomeController#index as HTML
  Parameters: {"parametro"=>"Oi pessoal"}
  Rendering welcome/index.html.erb within layouts/application
  Rendered welcome/_menu.html.erb (0.3ms)
  Rendered welcome/index.html.erb within layouts/application (1.2ms)
Completed 200 OK in 16ms (Views: 15.3ms | ActiveRecord: 0.0ms)


Started GET "/?parametro=Oi%20pessoal" for ::1 at 2024-10-18 21:57:25 -0300
Processing by WelcomeController#index as HTML
  Parameters: {"parametro"=>"Oi pessoal"}
  Rendering welcome/index.html.erb within layouts/application
  Rendered welcome/_menu.html.erb (0.5ms)
  Rendered welcome/index.html.erb within layouts/application (1.6ms)
Completed 200 OK in 22ms (Views: 20.7ms | ActiveRecord: 0.0ms)


Started GET "/?parametro=Oi%20pessoal" for ::1 at 2024-10-18 21:57:25 -0300
Processing by WelcomeController#index as HTML
  Parameters: {"parametro"=>"Oi pessoal"}
  Rendering welcome/index.html.erb within layouts/application
  Rendered welcome/_menu.html.erb (0.5ms)
  Rendered welcome/index.html.erb within layouts/application (1.7ms)
Completed 200 OK in 15ms (Views: 14.3ms | ActiveRecord: 0.0ms)


Started GET "/?parametro=Oi%20pessoal" for ::1 at 2024-10-18 21:57:25 -0300
Processing by WelcomeController#index as HTML
  Parameters: {"parametro"=>"Oi pessoal"}
  Rendering welcome/index.html.erb within layouts/application
  Rendered welcome/_menu.html.erb (0.3ms)
  Rendered welcome/index.html.erb within layouts/application (1.1ms)
Completed 200 OK in 15ms (Views: 14.5ms | ActiveRecord: 0.0ms)


Started GET "/?parametro=Oi%20pessoal" for ::1 at 2024-10-18 21:57:25 -0300
Processing by WelcomeController#index as HTML
  Parameters: {"parametro"=>"Oi pessoal"}
  Rendering welcome/index.html.erb within layouts/application
  Rendered welcome/_menu.html.erb (0.4ms)
  Rendered welcome/index.html.erb within layouts/application (1.4ms)
Completed 200 OK in 16ms (Views: 15.1ms | ActiveRecord: 0.0ms)


Started GET "/?parametro=Oi%20pessoal" for ::1 at 2024-10-18 21:57:26 -0300
Processing by WelcomeController#index as HTML
  Parameters: {"parametro"=>"Oi pessoal"}
  Rendering welcome/index.html.erb within layouts/application
  Rendered welcome/_menu.html.erb (0.3ms)
  Rendered welcome/index.html.erb within layouts/application (1.2ms)
Completed 200 OK in 18ms (Views: 17.8ms | ActiveRecord: 0.0ms)


Started GET "/?parametro=Oi%20pessoal" for ::1 at 2024-10-18 21:57:34 -0300
Processing by WelcomeController#index as HTML
  Parameters: {"parametro"=>"Oi pessoal"}
  Rendering welcome/index.html.erb within layouts/application
  Rendered welcome/_menu.html.erb (0.6ms)
  Rendered welcome/index.html.erb within layouts/application (2.3ms)
Completed 200 OK in 25ms (Views: 23.9ms | ActiveRecord: 0.0ms)


Started GET "/coins" for ::1 at 2024-10-18 22:12:59 -0300
Processing by CoinsController#index as HTML
  Rendering coins/index.html.erb within layouts/layoutexemplo
  [1m[36mCoin Load (0.2ms)[0m  [1m[34mSELECT "coins".* FROM "coins"[0m
  ↳ app/views/coins/index.html.erb:16
  Rendered coins/index.html.erb within layouts/layoutexemplo (10.0ms)
Completed 500 Internal Server Error in 16ms (ActiveRecord: 0.9ms)


  
SyntaxError (/home/papauluk/GitHub/cryptowallet/app/views/layouts/layoutexemplo.html.erb:15: syntax error, unexpected '<', expecting ')'
  </body>
  ^
/home/papauluk/GitHub/cryptowallet/app/views/layouts/layoutexemplo.html.erb:16: unknown regexp options - htl
</html>
 ^~~~~
/home/papauluk/GitHub/cryptowallet/app/views/layouts/layoutexemplo.html.erb:21: unterminated string meets end of file
          end
             ^
/home/papauluk/GitHub/cryptowallet/app/views/layouts/layoutexemplo.html.erb:21: syntax error, unexpected end-of-input, expecting ')'):
  
app/views/layouts/layoutexemplo.html.erb:15: syntax error, unexpected '<', expecting ')'
app/views/layouts/layoutexemplo.html.erb:16: unknown regexp options - htl
app/views/layouts/layoutexemplo.html.erb:21: unterminated string meets end of file
app/views/layouts/layoutexemplo.html.erb:21: syntax error, unexpected end-of-input, expecting ')'
Started GET "/?parametro=Oi%20pessoal" for ::1 at 2024-10-18 22:13:04 -0300
Processing by WelcomeController#index as HTML
  Parameters: {"parametro"=>"Oi pessoal"}
  Rendering welcome/index.html.erb within layouts/application
  Rendered welcome/_menu.html.erb (0.5ms)
  Rendered welcome/index.html.erb within layouts/application (1.7ms)
Completed 500 Internal Server Error in 5ms (ActiveRecord: 0.0ms)


  
SyntaxError (/home/papauluk/GitHub/cryptowallet/app/views/layouts/application.html.erb:14: syntax error, unexpected '<', expecting ')'
  </body>
  ^
/home/papauluk/GitHub/cryptowallet/app/views/layouts/application.html.erb:15: unknown regexp options - htl
</html>
 ^~~~~
/home/papauluk/GitHub/cryptowallet/app/views/layouts/application.html.erb:20: unterminated string meets end of file
          end
             ^
/home/papauluk/GitHub/cryptowallet/app/views/layouts/application.html.erb:20: syntax error, unexpected end-of-input, expecting ')'):
  
app/views/layouts/application.html.erb:14: syntax error, unexpected '<', expecting ')'
app/views/layouts/application.html.erb:15: unknown regexp options - htl
app/views/layouts/application.html.erb:20: unterminated string meets end of file
app/views/layouts/application.html.erb:20: syntax error, unexpected end-of-input, expecting ')'
Started GET "/?parametro=Oi%20pessoal" for ::1 at 2024-10-18 22:13:27 -0300
Processing by WelcomeController#index as HTML
  Parameters: {"parametro"=>"Oi pessoal"}
  Rendering welcome/index.html.erb within layouts/application
  Rendered welcome/_menu.html.erb (1.0ms)
  Rendered welcome/index.html.erb within layouts/application (2.6ms)
Completed 500 Internal Server Error in 6ms (ActiveRecord: 0.0ms)


  
SyntaxError (/home/papauluk/GitHub/cryptowallet/app/views/layouts/application.html.erb:14: syntax error, unexpected '<', expecting ')'
  </body>
  ^
/home/papauluk/GitHub/cryptowallet/app/views/layouts/application.html.erb:15: unknown regexp options - htl
</html>
 ^~~~~
/home/papauluk/GitHub/cryptowallet/app/views/layouts/application.html.erb:20: unterminated string meets end of file
          end
             ^
/home/papauluk/GitHub/cryptowallet/app/views/layouts/application.html.erb:20: syntax error, unexpected end-of-input, expecting ')'):
  
app/views/layouts/application.html.erb:14: syntax error, unexpected '<', expecting ')'
app/views/layouts/application.html.erb:15: unknown regexp options - htl
app/views/layouts/application.html.erb:20: unterminated string meets end of file
app/views/layouts/application.html.erb:20: syntax error, unexpected end-of-input, expecting ')'
Started GET "/?parametro=Oi%20pessoal" for ::1 at 2024-10-18 22:13:28 -0300
Processing by WelcomeController#index as HTML
  Parameters: {"parametro"=>"Oi pessoal"}
  Rendering welcome/index.html.erb within layouts/application
  Rendered welcome/_menu.html.erb (0.3ms)
  Rendered welcome/index.html.erb within layouts/application (1.1ms)
Completed 500 Internal Server Error in 3ms (ActiveRecord: 0.0ms)


  
SyntaxError (/home/papauluk/GitHub/cryptowallet/app/views/layouts/application.html.erb:14: syntax error, unexpected '<', expecting ')'
  </body>
  ^
/home/papauluk/GitHub/cryptowallet/app/views/layouts/application.html.erb:15: unknown regexp options - htl
</html>
 ^~~~~
/home/papauluk/GitHub/cryptowallet/app/views/layouts/application.html.erb:20: unterminated string meets end of file
          end
             ^
/home/papauluk/GitHub/cryptowallet/app/views/layouts/application.html.erb:20: syntax error, unexpected end-of-input, expecting ')'):
  
app/views/layouts/application.html.erb:14: syntax error, unexpected '<', expecting ')'
app/views/layouts/application.html.erb:15: unknown regexp options - htl
app/views/layouts/application.html.erb:20: unterminated string meets end of file
app/views/layouts/application.html.erb:20: syntax error, unexpected end-of-input, expecting ')'
Started GET "/" for ::1 at 2024-10-18 22:13:35 -0300
Processing by WelcomeController#index as HTML
  Rendering welcome/index.html.erb within layouts/application
  Rendered welcome/_menu.html.erb (0.4ms)
  Rendered welcome/index.html.erb within layouts/application (1.4ms)
Completed 500 Internal Server Error in 4ms (ActiveRecord: 0.0ms)


  
SyntaxError (/home/papauluk/GitHub/cryptowallet/app/views/layouts/application.html.erb:14: syntax error, unexpected '<', expecting ')'
  </body>
  ^
/home/papauluk/GitHub/cryptowallet/app/views/layouts/application.html.erb:15: unknown regexp options - htl
</html>
 ^~~~~
/home/papauluk/GitHub/cryptowallet/app/views/layouts/application.html.erb:20: unterminated string meets end of file
          end
             ^
/home/papauluk/GitHub/cryptowallet/app/views/layouts/application.html.erb:20: syntax error, unexpected end-of-input, expecting ')'):
  
app/views/layouts/application.html.erb:14: syntax error, unexpected '<', expecting ')'
app/views/layouts/application.html.erb:15: unknown regexp options - htl
app/views/layouts/application.html.erb:20: unterminated string meets end of file
app/views/layouts/application.html.erb:20: syntax error, unexpected end-of-input, expecting ')'
Started GET "/" for ::1 at 2024-10-18 22:13:38 -0300
Processing by WelcomeController#index as HTML
  Rendering welcome/index.html.erb within layouts/application
  Rendered welcome/_menu.html.erb (0.5ms)
  Rendered welcome/index.html.erb within layouts/application (1.6ms)
Completed 500 Internal Server Error in 4ms (ActiveRecord: 0.0ms)


  
SyntaxError (/home/papauluk/GitHub/cryptowallet/app/views/layouts/application.html.erb:14: syntax error, unexpected '<', expecting ')'
  </body>
  ^
/home/papauluk/GitHub/cryptowallet/app/views/layouts/application.html.erb:15: unknown regexp options - htl
</html>
 ^~~~~
/home/papauluk/GitHub/cryptowallet/app/views/layouts/application.html.erb:20: unterminated string meets end of file
          end
             ^
/home/papauluk/GitHub/cryptowallet/app/views/layouts/application.html.erb:20: syntax error, unexpected end-of-input, expecting ')'):
  
app/views/layouts/application.html.erb:14: syntax error, unexpected '<', expecting ')'
app/views/layouts/application.html.erb:15: unknown regexp options - htl
app/views/layouts/application.html.erb:20: unterminated string meets end of file
app/views/layouts/application.html.erb:20: syntax error, unexpected end-of-input, expecting ')'
Started GET "/" for ::1 at 2024-10-18 22:14:34 -0300
Processing by WelcomeController#index as HTML
  Rendering welcome/index.html.erb within layouts/application
  Rendered welcome/_menu.html.erb (0.3ms)
  Rendered welcome/index.html.erb within layouts/application (1.0ms)
Completed 200 OK in 16ms (Views: 14.8ms | ActiveRecord: 0.0ms)


Started GET "/" for ::1 at 2024-10-18 22:14:35 -0300
Processing by WelcomeController#index as HTML
  Rendering welcome/index.html.erb within layouts/application
  Rendered welcome/_menu.html.erb (0.3ms)
  Rendered welcome/index.html.erb within layouts/application (1.2ms)
Completed 200 OK in 15ms (Views: 14.0ms | ActiveRecord: 0.0ms)


Started GET "/" for ::1 at 2024-10-18 22:14:35 -0300
Processing by WelcomeController#index as HTML
  Rendering welcome/index.html.erb within layouts/application
  Rendered welcome/_menu.html.erb (0.4ms)
  Rendered welcome/index.html.erb within layouts/application (1.1ms)
Completed 200 OK in 16ms (Views: 15.7ms | ActiveRecord: 0.0ms)


Started GET "/coins" for ::1 at 2024-10-18 22:14:38 -0300
Processing by CoinsController#index as HTML
  Rendering coins/index.html.erb within layouts/layoutexemplo
  [1m[36mCoin Load (0.2ms)[0m  [1m[34mSELECT "coins".* FROM "coins"[0m
  ↳ app/views/coins/index.html.erb:16
  Rendered coins/index.html.erb within layouts/layoutexemplo (6.6ms)
Completed 500 Internal Server Error in 10ms (ActiveRecord: 0.8ms)


  
SyntaxError (/home/papauluk/GitHub/cryptowallet/app/views/layouts/layoutexemplo.html.erb:15: syntax error, unexpected '<', expecting ')'
  </body>
  ^
/home/papauluk/GitHub/cryptowallet/app/views/layouts/layoutexemplo.html.erb:16: unknown regexp options - htl
</html>
 ^~~~~
/home/papauluk/GitHub/cryptowallet/app/views/layouts/layoutexemplo.html.erb:21: unterminated string meets end of file
          end
             ^
/home/papauluk/GitHub/cryptowallet/app/views/layouts/layoutexemplo.html.erb:21: syntax error, unexpected end-of-input, expecting ')'):
  
app/views/layouts/layoutexemplo.html.erb:15: syntax error, unexpected '<', expecting ')'
app/views/layouts/layoutexemplo.html.erb:16: unknown regexp options - htl
app/views/layouts/layoutexemplo.html.erb:21: unterminated string meets end of file
app/views/layouts/layoutexemplo.html.erb:21: syntax error, unexpected end-of-input, expecting ')'
Started GET "/" for ::1 at 2024-10-18 22:14:39 -0300
Processing by WelcomeController#index as HTML
  Rendering welcome/index.html.erb within layouts/application
  Rendered welcome/_menu.html.erb (0.6ms)
  Rendered welcome/index.html.erb within layouts/application (1.9ms)
Completed 200 OK in 18ms (Views: 17.4ms | ActiveRecord: 0.0ms)


Started GET "/coins" for ::1 at 2024-10-18 22:15:25 -0300
Processing by CoinsController#index as HTML
  Rendering coins/index.html.erb within layouts/layoutexemplo
  [1m[36mCoin Load (0.1ms)[0m  [1m[34mSELECT "coins".* FROM "coins"[0m
  ↳ app/views/coins/index.html.erb:16
  Rendered coins/index.html.erb within layouts/layoutexemplo (2.2ms)
Completed 200 OK in 25ms (Views: 23.9ms | ActiveRecord: 0.1ms)


